Program run at: 
0  1309 1231 73 1277 1195 73
6  1277 1139 70 1277 1110 70
12  1277 1096 70 0 0 0
18  0 0 0 0 0 0
24  0 0 0 0 0 0
30  0 0 0 0 0 0
36  0 0 0 0 0 0
42  0 0 0 0 0 0
48  0 0 0 0 0 0
54  0 0 0 0 0 0
60  0 0 0 0 0 0
66  0 0 0 0 0 0
72  0 0 0 0 0 0
78  0 0 0 0 0 0
84  0 0 0 0 0 0
90  0 0 0 0 0 0
96  0 0 0 0 0 0
102  0 0 0 0 0 0
108  0 0 0 0 0 0
114  0 0 0 0 0 0
120  0 0 0 0 0 0
126  0 0 0 0 0 0
132  0 0 0 0 0 0
138  0 0 0 0 0 0
144  0 0 0 0 0 0
150  0 0 0 0 0 0
156  0 0 0 0 0 0
162  0 0 0 0 0 0
168  0 0 0 0 0 0
174  0 0 0 0 0 0
Program close at:
